<?xml version="1.0" ?>
<!DOCTYPE coverage SYSTEM "http://cobertura.sourceforge.net/xml/coverage-04.dtd">
<coverage lines-valid="39"  lines-covered="39"  line-rate="1"  branches-valid="8"  branches-covered="8"  branch-rate="1"  timestamp="1501625177069" complexity="0" version="0.1">
<sources>
	<source>/Users/ambarish/Desktop/samples/basic-node/tests</source>
</sources>
<packages>
	<package name="routes"  line-rate="1"  branch-rate="1" >
	<classes>
		<class name="index.js"  filename="../routes/index.js"  line-rate="1"  branch-rate="1" >
		<methods>
			<method name="(anonymous_1)"  hits="1"  signature="()V" >
				<lines><line number="7"  hits="1" /></lines>
			</method>
		</methods>
		<lines>
			<line number="1"  hits="1"  branch="false" />
			<line number="2"  hits="1"  branch="false" />
			<line number="5"  hits="1"  branch="false" />
			<line number="8"  hits="1"  branch="false" />
			<line number="16"  hits="1"  branch="false" />
		</lines>
		</class>
		<class name="name.js"  filename="../routes/name.js"  line-rate="1"  branch-rate="1" >
		<methods>
			<method name="(anonymous_1)"  hits="3"  signature="()V" >
				<lines><line number="10"  hits="3" /></lines>
			</method>
			<method name="(anonymous_2)"  hits="5"  signature="()V" >
				<lines><line number="16"  hits="5" /></lines>
			</method>
		</methods>
		<lines>
			<line number="1"  hits="1"  branch="false" />
			<line number="2"  hits="1"  branch="false" />
			<line number="4"  hits="1"  branch="false" />
			<line number="9"  hits="1"  branch="false" />
			<line number="11"  hits="3"  branch="false" />
			<line number="15"  hits="1"  branch="false" />
			<line number="17"  hits="5"  branch="false" />
			<line number="18"  hits="5"  branch="false" />
			<line number="20"  hits="5"  branch="true"  condition-coverage="100% (2/2)" />
			<line number="21"  hits="4"  branch="false" />
			<line number="24"  hits="5"  branch="true"  condition-coverage="100% (2/2)" />
			<line number="25"  hits="4"  branch="false" />
			<line number="28"  hits="5"  branch="false" />
			<line number="32"  hits="1"  branch="false" />
		</lines>
		</class>
		<class name="properties.js"  filename="../routes/properties.js"  line-rate="1"  branch-rate="1" >
		<methods>
			<method name="(anonymous_1)"  hits="3"  signature="()V" >
				<lines><line number="11"  hits="3" /></lines>
			</method>
			<method name="(anonymous_2)"  hits="4"  signature="()V" >
				<lines><line number="17"  hits="4" /></lines>
			</method>
		</methods>
		<lines>
			<line number="1"  hits="1"  branch="false" />
			<line number="2"  hits="1"  branch="false" />
			<line number="3"  hits="1"  branch="false" />
			<line number="5"  hits="1"  branch="false" />
			<line number="7"  hits="1"  branch="false" />
			<line number="8"  hits="1"  branch="false" />
			<line number="10"  hits="1"  branch="false" />
			<line number="12"  hits="3"  branch="false" />
			<line number="16"  hits="1"  branch="false" />
			<line number="18"  hits="4"  branch="false" />
			<line number="19"  hits="4"  branch="false" />
			<line number="21"  hits="4"  branch="true"  condition-coverage="100% (4/4)" />
			<line number="22"  hits="2"  branch="false" />
			<line number="25"  hits="4"  branch="false" />
			<line number="29"  hits="1"  branch="false" />
		</lines>
		</class>
		<class name="users.js"  filename="../routes/users.js"  line-rate="1"  branch-rate="1" >
		<methods>
			<method name="(anonymous_1)"  hits="1"  signature="()V" >
				<lines><line number="6"  hits="1" /></lines>
			</method>
		</methods>
		<lines>
			<line number="1"  hits="1"  branch="false" />
			<line number="2"  hits="1"  branch="false" />
			<line number="5"  hits="1"  branch="false" />
			<line number="7"  hits="1"  branch="false" />
			<line number="11"  hits="1"  branch="false" />
		</lines>
		</class>
	</classes>
	</package>
</packages>
</coverage>
